  3D Engine - ILA Project.cpp
c:\maxim\ila\3d-engine\3d engine - ila project\3d engine - ila project\3d engine - ila project.cpp(29): warning C4305: 'initializing': truncation from 'double' to 'float'
c:\maxim\ila\3d-engine\3d engine - ila project\3d engine - ila project\3d engine - ila project.cpp(116): warning C4244: '+=': conversion from 'float' to 'int', possible loss of data
c:\maxim\ila\3d-engine\3d engine - ila project\3d engine - ila project\3d engine - ila project.cpp(147): warning C4305: 'initializing': truncation from 'double' to 'float'
c:\maxim\ila\3d-engine\3d engine - ila project\3d engine - ila project\3d engine - ila project.cpp(175): warning C4244: '=': conversion from 'double' to 'int', possible loss of data
c:\maxim\ila\3d-engine\3d engine - ila project\3d engine - ila project\3d engine - ila project.cpp(177): warning C4244: '=': conversion from 'double' to 'int', possible loss of data
c:\maxim\ila\3d-engine\3d engine - ila project\3d engine - ila project\3d engine - ila project.cpp(316): warning C4305: 'initializing': truncation from 'double' to 'float'
c:\maxim\ila\3d-engine\3d engine - ila project\3d engine - ila project\3d engine - ila project.cpp(444): warning C4244: 'initializing': conversion from 'UINT_PTR' to 'int', possible loss of data
c:\maxim\ila\3d-engine\3d engine - ila project\3d engine - ila project\3d engine - ila project.cpp(535): warning C4244: 'initializing': conversion from 'int' to 'float', possible loss of data
c:\maxim\ila\3d-engine\3d engine - ila project\3d engine - ila project\3d engine - ila project.cpp(536): warning C4244: 'initializing': conversion from 'int' to 'float', possible loss of data
c:\maxim\ila\3d-engine\3d engine - ila project\3d engine - ila project\3d engine - ila project.cpp(584): warning C4244: '=': conversion from 'int' to 'float', possible loss of data
c:\maxim\ila\3d-engine\3d engine - ila project\3d engine - ila project\3d engine - ila project.cpp(585): warning C4244: '=': conversion from 'int' to 'float', possible loss of data
c:\maxim\ila\3d-engine\3d engine - ila project\3d engine - ila project\3d engine - ila project.cpp(586): warning C4244: '=': conversion from 'int' to 'float', possible loss of data
c:\maxim\ila\3d-engine\3d engine - ila project\3d engine - ila project\3d engine - ila project.cpp(476): warning C4101: 'rcClient': unreferenced local variable
  Generating code
  0 of 470 functions ( 0.0%) were compiled, the rest were copied from previous compilation.
    0 functions were new in current compilation
    0 functions had inline decision re-evaluated but remain unchanged
  Finished generating code
  3D Engine - ILA Project.vcxproj -> C:\Maxim\ILA\3D-engine\3D Engine - ILA Project\x64\Release\3D Engine - ILA Project.exe
